Copyright 1986-2019 Xilinx, Inc. All Rights Reserved.
----------------------------------------------------------------------------------------------------------------------------------------------------------------
| Tool Version     : Vivado v.2019.1 (win64) Build 2552052 Fri May 24 14:49:42 MDT 2019
| Date             : Sat Jul 13 14:06:48 2019
| Host             : DESKTOP-U5LHML6 running 64-bit major release  (build 9200)
| Command          : report_power -file SYSTEM_wrapper_power_routed.rpt -pb SYSTEM_wrapper_power_summary_routed.pb -rpx SYSTEM_wrapper_power_routed.rpx
| Design           : SYSTEM_wrapper
| Device           : xc7a35ticsg324-1L
| Design State     : routed
| Grade            : industrial
| Process          : typical
| Characterization : Production
----------------------------------------------------------------------------------------------------------------------------------------------------------------

Power Report

Table of Contents
-----------------
1. Summary
1.1 On-Chip Components
1.2 Power Supply Summary
1.3 Confidence Level
2. Settings
2.1 Environment
2.2 Clock Constraints
3. Detailed Reports
3.1 By Hierarchy

1. Summary
----------

+--------------------------+--------------+
| Total On-Chip Power (W)  | 0.867        |
| Design Power Budget (W)  | Unspecified* |
| Power Budget Margin (W)  | NA           |
| Dynamic (W)              | 0.802        |
| Device Static (W)        | 0.065        |
| Effective TJA (C/W)      | 4.8          |
| Max Ambient (C)          | 95.9         |
| Junction Temperature (C) | 29.1         |
| Confidence Level         | Low          |
| Setting File             | ---          |
| Simulation Activity File | ---          |
| Design Nets Matched      | NA           |
+--------------------------+--------------+
* Specify Design Power Budget using, set_operating_conditions -design_power_budget <value in Watts>


1.1 On-Chip Components
----------------------

+--------------------------+-----------+----------+-----------+-----------------+
| On-Chip                  | Power (W) | Used     | Available | Utilization (%) |
+--------------------------+-----------+----------+-----------+-----------------+
| Clocks                   |     0.042 |       30 |       --- |             --- |
| Slice Logic              |     0.019 |    28199 |       --- |             --- |
|   LUT as Logic           |     0.015 |     9639 |     20800 |           46.34 |
|   LUT as Distributed RAM |     0.002 |     1366 |      9600 |           14.23 |
|   Register               |     0.001 |    11599 |     41600 |           27.88 |
|   CARRY4                 |    <0.001 |      249 |      8150 |            3.06 |
|   LUT as Shift Register  |    <0.001 |      419 |      9600 |            4.36 |
|   F7/F8 Muxes            |    <0.001 |      145 |     32600 |            0.44 |
|   Others                 |    <0.001 |     1166 |       --- |             --- |
| Signals                  |     0.024 |    19893 |       --- |             --- |
| Block RAM                |     0.025 |       22 |        50 |           44.00 |
| MMCM                     |     0.196 |        2 |         5 |           40.00 |
| PLL                      |     0.116 |        1 |         5 |           20.00 |
| I/O                      |     0.265 |       71 |       210 |           33.81 |
| PHASER                   |     0.111 |       14 |       --- |             --- |
| XADC                     |     0.004 |        1 |       --- |             --- |
| Static Power             |     0.065 |          |           |                 |
| Total                    |     0.867 |          |           |                 |
+--------------------------+-----------+----------+-----------+-----------------+


1.2 Power Supply Summary
------------------------

+-----------+-------------+-----------+-------------+------------+
| Source    | Voltage (V) | Total (A) | Dynamic (A) | Static (A) |
+-----------+-------------+-----------+-------------+------------+
| Vccint    |       0.950 |     0.159 |       0.152 |      0.007 |
| Vccaux    |       1.800 |     0.284 |       0.273 |      0.011 |
| Vcco33    |       3.300 |     0.002 |       0.001 |      0.001 |
| Vcco25    |       2.500 |     0.000 |       0.000 |      0.000 |
| Vcco18    |       1.800 |     0.000 |       0.000 |      0.000 |
| Vcco15    |       1.500 |     0.000 |       0.000 |      0.000 |
| Vcco135   |       1.350 |     0.118 |       0.117 |      0.001 |
| Vcco12    |       1.200 |     0.000 |       0.000 |      0.000 |
| Vccaux_io |       1.800 |     0.000 |       0.000 |      0.000 |
| Vccbram   |       0.950 |     0.002 |       0.002 |      0.000 |
| MGTAVcc   |       1.000 |     0.000 |       0.000 |      0.000 |
| MGTAVtt   |       1.200 |     0.000 |       0.000 |      0.000 |
| Vccadc    |       1.800 |     0.020 |       0.002 |      0.018 |
+-----------+-------------+-----------+-------------+------------+


1.3 Confidence Level
--------------------

+-----------------------------+------------+--------------------------------------------------------+------------------------------------------------------------------------------------------------------------+
| User Input Data             | Confidence | Details                                                | Action                                                                                                     |
+-----------------------------+------------+--------------------------------------------------------+------------------------------------------------------------------------------------------------------------+
| Design implementation state | High       | Design is routed                                       |                                                                                                            |
| Clock nodes activity        | High       | User specified more than 95% of clocks                 |                                                                                                            |
| I/O nodes activity          | Low        | More than 75% of inputs are missing user specification | Provide missing input activity with simulation results or by editing the "By Resource Type -> I/Os" view   |
| Internal nodes activity     | Medium     | User specified less than 25% of internal nodes         | Provide missing internal nodes activity with simulation results or by editing the "By Resource Type" views |
| Device models               | High       | Device models are Production                           |                                                                                                            |
|                             |            |                                                        |                                                                                                            |
| Overall confidence level    | Low        |                                                        |                                                                                                            |
+-----------------------------+------------+--------------------------------------------------------+------------------------------------------------------------------------------------------------------------+


2. Settings
-----------

2.1 Environment
---------------

+-----------------------+--------------------------+
| Ambient Temp (C)      | 25.0                     |
| ThetaJA (C/W)         | 4.8                      |
| Airflow (LFM)         | 250                      |
| Heat Sink             | medium (Medium Profile)  |
| ThetaSA (C/W)         | 4.6                      |
| Board Selection       | medium (10"x10")         |
| # of Board Layers     | 12to15 (12 to 15 Layers) |
| Board Temperature (C) | 25.0                     |
+-----------------------+--------------------------+


2.2 Clock Constraints
---------------------

+-----------------------------------------------------------------------------------------------------------------------------------------------------------+------------------------------------------------------------------------------------------------------------------------------------------------------------------------------------------------------------------------+-----------------+
| Clock                                                                                                                                                     | Domain                                                                                                                                                                                                                 | Constraint (ns) |
+-----------------------------------------------------------------------------------------------------------------------------------------------------------+------------------------------------------------------------------------------------------------------------------------------------------------------------------------------------------------------------------------+-----------------+
| SYSTEM_i/mdm_1/U0/Use_E2.BSCAN_I/Use_E2.BSCANE2_I/DRCK                                                                                                    | SYSTEM_i/mdm_1/U0/Use_E2.BSCAN_I/DRCK                                                                                                                                                                                  |            33.3 |
| SYSTEM_i/mdm_1/U0/Use_E2.BSCAN_I/Use_E2.BSCANE2_I/UPDATE                                                                                                  | SYSTEM_i/mdm_1/U0/Use_E2.BSCAN_I/Dbg_Update_0                                                                                                                                                                          |            33.3 |
| clk_1_SYSTEM_clk_wiz_0_0                                                                                                                                  | SYSTEM_i/clk_wiz_0/inst/clk_1_SYSTEM_clk_wiz_0_0                                                                                                                                                                       |             6.0 |
| clk_200_SYSTEM_clk_wiz_0_0                                                                                                                                | SYSTEM_i/clk_wiz_0/inst/clk_200_SYSTEM_clk_wiz_0_0                                                                                                                                                                     |             5.0 |
| clk_25_SYSTEM_clk_wiz_0_0                                                                                                                                 | SYSTEM_i/clk_wiz_0/inst/clk_25_SYSTEM_clk_wiz_0_0                                                                                                                                                                      |            40.0 |
| clk_450_SYSTEM_clk_wiz_0_0                                                                                                                                | SYSTEM_i/clk_wiz_0/inst/clk_450_SYSTEM_clk_wiz_0_0                                                                                                                                                                     |             2.0 |
| clk_pll_i                                                                                                                                                 | SYSTEM_i/mig_7series_0/u_SYSTEM_mig_7series_0_0_mig/u_ddr3_infrastructure/clk_pll_i                                                                                                                                    |            12.0 |
| clkfbout_SYSTEM_clk_wiz_0_0                                                                                                                               | SYSTEM_i/clk_wiz_0/inst/clkfbout_SYSTEM_clk_wiz_0_0                                                                                                                                                                    |            10.0 |
| eth_mii_rx_clk                                                                                                                                            | eth_mii_rx_clk                                                                                                                                                                                                         |            40.0 |
| eth_mii_tx_clk                                                                                                                                            | eth_mii_tx_clk                                                                                                                                                                                                         |            40.0 |
| freq_refclk                                                                                                                                               | SYSTEM_i/mig_7series_0/u_SYSTEM_mig_7series_0_0_mig/u_ddr3_infrastructure/freq_refclk                                                                                                                                  |             1.5 |
| iserdes_clkdiv                                                                                                                                            | SYSTEM_i/mig_7series_0/u_SYSTEM_mig_7series_0_0_mig/u_memc_ui_top_axi/mem_intfc0/ddr_phy_top0/u_ddr_mc_phy_wrapper/u_ddr_mc_phy/ddr_phy_4lanes_0.u_ddr_phy_4lanes/ddr_byte_lane_C.ddr_byte_lane_C/iserdes_clkdiv       |            12.0 |
| iserdes_clkdiv_1                                                                                                                                          | SYSTEM_i/mig_7series_0/u_SYSTEM_mig_7series_0_0_mig/u_memc_ui_top_axi/mem_intfc0/ddr_phy_top0/u_ddr_mc_phy_wrapper/u_ddr_mc_phy/ddr_phy_4lanes_0.u_ddr_phy_4lanes/ddr_byte_lane_D.ddr_byte_lane_D/iserdes_clkdiv       |            12.0 |
| mem_refclk                                                                                                                                                | SYSTEM_i/mig_7series_0/u_SYSTEM_mig_7series_0_0_mig/u_ddr3_infrastructure/mem_refclk                                                                                                                                   |             3.0 |
| oserdes_clk                                                                                                                                               | SYSTEM_i/mig_7series_0/u_SYSTEM_mig_7series_0_0_mig/u_memc_ui_top_axi/mem_intfc0/ddr_phy_top0/u_ddr_mc_phy_wrapper/u_ddr_mc_phy/ddr_phy_4lanes_0.u_ddr_phy_4lanes/ddr_byte_lane_A.ddr_byte_lane_A/oserdes_clk          |             3.0 |
| oserdes_clk_1                                                                                                                                             | SYSTEM_i/mig_7series_0/u_SYSTEM_mig_7series_0_0_mig/u_memc_ui_top_axi/mem_intfc0/ddr_phy_top0/u_ddr_mc_phy_wrapper/u_ddr_mc_phy/ddr_phy_4lanes_0.u_ddr_phy_4lanes/ddr_byte_lane_B.ddr_byte_lane_B/oserdes_clk          |             3.0 |
| oserdes_clk_2                                                                                                                                             | SYSTEM_i/mig_7series_0/u_SYSTEM_mig_7series_0_0_mig/u_memc_ui_top_axi/mem_intfc0/ddr_phy_top0/u_ddr_mc_phy_wrapper/u_ddr_mc_phy/ddr_phy_4lanes_0.u_ddr_phy_4lanes/ddr_byte_lane_C.ddr_byte_lane_C/oserdes_clk          |             3.0 |
| oserdes_clk_3                                                                                                                                             | SYSTEM_i/mig_7series_0/u_SYSTEM_mig_7series_0_0_mig/u_memc_ui_top_axi/mem_intfc0/ddr_phy_top0/u_ddr_mc_phy_wrapper/u_ddr_mc_phy/ddr_phy_4lanes_0.u_ddr_phy_4lanes/ddr_byte_lane_D.ddr_byte_lane_D/oserdes_clk          |             3.0 |
| oserdes_clkdiv                                                                                                                                            | SYSTEM_i/mig_7series_0/u_SYSTEM_mig_7series_0_0_mig/u_memc_ui_top_axi/mem_intfc0/ddr_phy_top0/u_ddr_mc_phy_wrapper/u_ddr_mc_phy/ddr_phy_4lanes_0.u_ddr_phy_4lanes/ddr_byte_lane_A.ddr_byte_lane_A/oserdes_clkdiv       |            12.0 |
| oserdes_clkdiv_1                                                                                                                                          | SYSTEM_i/mig_7series_0/u_SYSTEM_mig_7series_0_0_mig/u_memc_ui_top_axi/mem_intfc0/ddr_phy_top0/u_ddr_mc_phy_wrapper/u_ddr_mc_phy/ddr_phy_4lanes_0.u_ddr_phy_4lanes/ddr_byte_lane_B.ddr_byte_lane_B/oserdes_clkdiv       |            12.0 |
| oserdes_clkdiv_2                                                                                                                                          | SYSTEM_i/mig_7series_0/u_SYSTEM_mig_7series_0_0_mig/u_memc_ui_top_axi/mem_intfc0/ddr_phy_top0/u_ddr_mc_phy_wrapper/u_ddr_mc_phy/ddr_phy_4lanes_0.u_ddr_phy_4lanes/ddr_byte_lane_C.ddr_byte_lane_C/oserdes_clkdiv       |             6.0 |
| oserdes_clkdiv_3                                                                                                                                          | SYSTEM_i/mig_7series_0/u_SYSTEM_mig_7series_0_0_mig/u_memc_ui_top_axi/mem_intfc0/ddr_phy_top0/u_ddr_mc_phy_wrapper/u_ddr_mc_phy/ddr_phy_4lanes_0.u_ddr_phy_4lanes/ddr_byte_lane_D.ddr_byte_lane_D/oserdes_clkdiv       |             6.0 |
| pll_clk3_out                                                                                                                                              | SYSTEM_i/mig_7series_0/u_SYSTEM_mig_7series_0_0_mig/u_ddr3_infrastructure/pll_clk3_out                                                                                                                                 |            12.0 |
| pll_clkfbout                                                                                                                                              | SYSTEM_i/mig_7series_0/u_SYSTEM_mig_7series_0_0_mig/u_ddr3_infrastructure/pll_clkfbout                                                                                                                                 |             6.0 |
| sync_pulse                                                                                                                                                | SYSTEM_i/mig_7series_0/u_SYSTEM_mig_7series_0_0_mig/u_ddr3_infrastructure/sync_pulse                                                                                                                                   |            48.0 |
| sys_clock                                                                                                                                                 | sys_clock                                                                                                                                                                                                              |            10.0 |
| u_memc_ui_top_axi/mem_intfc0/ddr_phy_top0/u_ddr_mc_phy_wrapper/u_ddr_mc_phy/ddr_phy_4lanes_0.u_ddr_phy_4lanes/ddr_byte_lane_C.ddr_byte_lane_C/iserdes_clk | SYSTEM_i/mig_7series_0/u_SYSTEM_mig_7series_0_0_mig/u_memc_ui_top_axi/mem_intfc0/ddr_phy_top0/u_ddr_mc_phy_wrapper/u_ddr_mc_phy/ddr_phy_4lanes_0.u_ddr_phy_4lanes/ddr_byte_lane_C.ddr_byte_lane_C/A_rst_primitives_reg |             3.0 |
| u_memc_ui_top_axi/mem_intfc0/ddr_phy_top0/u_ddr_mc_phy_wrapper/u_ddr_mc_phy/ddr_phy_4lanes_0.u_ddr_phy_4lanes/ddr_byte_lane_D.ddr_byte_lane_D/iserdes_clk | SYSTEM_i/mig_7series_0/u_SYSTEM_mig_7series_0_0_mig/u_memc_ui_top_axi/mem_intfc0/ddr_phy_top0/u_ddr_mc_phy_wrapper/u_ddr_mc_phy/ddr_phy_4lanes_0.u_ddr_phy_4lanes/ddr_byte_lane_D.ddr_byte_lane_D/A_rst_primitives_reg |             3.0 |
+-----------------------------------------------------------------------------------------------------------------------------------------------------------+------------------------------------------------------------------------------------------------------------------------------------------------------------------------------------------------------------------------+-----------------+


3. Detailed Reports
-------------------

3.1 By Hierarchy
----------------

+------------------------------------+-----------+
| Name                               | Power (W) |
+------------------------------------+-----------+
| SYSTEM_wrapper                     |     0.802 |
|   SYSTEM_i                         |     0.798 |
|     COUNTER_0                      |     0.002 |
|       inst                         |     0.002 |
|     axi_ethernetlite_0             |     0.005 |
|       U0                           |     0.005 |
|     axi_smc                        |     0.028 |
|       inst                         |     0.028 |
|     axi_timer_0                    |     0.002 |
|       U0                           |     0.002 |
|     clk_wiz_0                      |     0.109 |
|       inst                         |     0.109 |
|     microblaze_0                   |     0.035 |
|       U0                           |     0.035 |
|     microblaze_0_local_memory      |     0.003 |
|       lmb_bram                     |     0.003 |
|     mig_7series_0                  |     0.609 |
|       u_SYSTEM_mig_7series_0_0_mig |     0.608 |
+------------------------------------+-----------+


